# JRE version: OpenJDK Runtime Environment (8.0_202-b03) (build 1.8.0_202-release-1483-b03)
# Java VM: OpenJDK 64-Bit Server VM (25.202-b03 mixed mode windows-amd64 compressed oops)
Heap:
 PSYoungGen      total 269824K, used 145144K [0x00000000e0000000, 0x00000000f2500000, 0x0000000100000000)
  eden space 247808K, 58% used [0x00000000e0000000,0x00000000e8dbe090,0x00000000ef200000)
  from space 22016K, 0% used [0x00000000f0f80000,0x00000000f0f80000,0x00000000f2500000)
  to   space 26112K, 0% used [0x00000000ef200000,0x00000000ef200000,0x00000000f0b80000)
 ParOldGen       total 114176K, used 47785K [0x00000000a0000000, 0x00000000a6f80000, 0x00000000e0000000)
  object space 114176K, 41% used [0x00000000a0000000,0x00000000a2eaa458,0x00000000a6f80000)
 Metaspace       used 96123K, capacity 100446K, committed 101056K, reserved 1136640K
  class space    used 12295K, capacity 13126K, committed 13248K, reserved 1048576K
GC Heap History (10 events):
Event: 386.756 GC heap before
{Heap before GC invocations=28 (full 3):
 PSYoungGen      total 195584K, used 192224K [0x00000000e0000000, 0x00000000edb80000, 0x0000000100000000)
  eden space 175616K, 100% used [0x00000000e0000000,0x00000000eab80000,0x00000000eab80000)
  from space 19968K, 83% used [0x00000000ec080000,0x00000000ed0b8130,0x00000000ed400000)
  to   space 21504K, 0% used [0x00000000eab80000,0x00000000eab80000,0x00000000ec080000)
 ParOldGen       total 81408K, used 51106K [0x00000000a0000000, 0x00000000a4f80000, 0x00000000e0000000)
  object space 81408K, 62% used [0x00000000a0000000,0x00000000a31e89c8,0x00000000a4f80000)
 Metaspace       used 90837K, capacity 94850K, committed 94976K, reserved 1132544K
  class space    used 11771K, capacity 12542K, committed 12544K, reserved 1048576K
Event: 394.996 GC heap after
Heap after GC invocations=28 (full 3):
 PSYoungGen      total 197120K, used 21479K [0x00000000e0000000, 0x00000000f0600000, 0x0000000100000000)
  eden space 175616K, 0% used [0x00000000e0000000,0x00000000e0000000,0x00000000eab80000)
  from space 21504K, 99% used [0x00000000eab80000,0x00000000ec079fe8,0x00000000ec080000)
  to   space 26624K, 0% used [0x00000000eec00000,0x00000000eec00000,0x00000000f0600000)
 ParOldGen       total 81408K, used 56252K [0x00000000a0000000, 0x00000000a4f80000, 0x00000000e0000000)
  object space 81408K, 69% used [0x00000000a0000000,0x00000000a36ef0b8,0x00000000a4f80000)
 Metaspace       used 90837K, capacity 94850K, committed 94976K, reserved 1132544K
  class space    used 11771K, capacity 12542K, committed 12544K, reserved 1048576K
}
Event: 550.332 GC heap before
{Heap before GC invocations=29 (full 3):
 PSYoungGen      total 197120K, used 197095K [0x00000000e0000000, 0x00000000f0600000, 0x0000000100000000)
  eden space 175616K, 100% used [0x00000000e0000000,0x00000000eab80000,0x00000000eab80000)
  from space 21504K, 99% used [0x00000000eab80000,0x00000000ec079fe8,0x00000000ec080000)
  to   space 26624K, 0% used [0x00000000eec00000,0x00000000eec00000,0x00000000f0600000)
 ParOldGen       total 81408K, used 56252K [0x00000000a0000000, 0x00000000a4f80000, 0x00000000e0000000)
  object space 81408K, 69% used [0x00000000a0000000,0x00000000a36ef0b8,0x00000000a4f80000)
 Metaspace       used 92933K, capacity 97230K, committed 97408K, reserved 1134592K
  class space    used 12047K, capacity 12846K, committed 12928K, reserved 1048576K
Event: 550.596 GC heap after
Heap after GC invocations=29 (full 3):
 PSYoungGen      total 235520K, used 3955K [0x00000000e0000000, 0x00000000f0300000, 0x0000000100000000)
  eden space 211968K, 0% used [0x00000000e0000000,0x00000000e0000000,0x00000000ecf00000)
  from space 23552K, 16% used [0x00000000eec00000,0x00000000eefdccb0,0x00000000f0300000)
  to   space 26624K, 0% used [0x00000000ecf00000,0x00000000ecf00000,0x00000000ee900000)
 ParOldGen       total 81408K, used 60752K [0x00000000a0000000, 0x00000000a4f80000, 0x00000000e0000000)
  object space 81408K, 74% used [0x00000000a0000000,0x00000000a3b54290,0x00000000a4f80000)
 Metaspace       used 92933K, capacity 97230K, committed 97408K, reserved 1134592K
  class space    used 12047K, capacity 12846K, committed 12928K, reserved 1048576K
}
Event: 855.116 GC heap before
{Heap before GC invocations=30 (full 3):
 PSYoungGen      total 235520K, used 215923K [0x00000000e0000000, 0x00000000f0300000, 0x0000000100000000)
  eden space 211968K, 100% used [0x00000000e0000000,0x00000000ecf00000,0x00000000ecf00000)
  from space 23552K, 16% used [0x00000000eec00000,0x00000000eefdccb0,0x00000000f0300000)
  to   space 26624K, 0% used [0x00000000ecf00000,0x00000000ecf00000,0x00000000ee900000)
 ParOldGen       total 81408K, used 60752K [0x00000000a0000000, 0x00000000a4f80000, 0x00000000e0000000)
  object space 81408K, 74% used [0x00000000a0000000,0x00000000a3b54290,0x00000000a4f80000)
 Metaspace       used 93867K, capacity 98446K, committed 98496K, reserved 1134592K
  class space    used 12114K, capacity 12954K, committed 12992K, reserved 1048576K
Event: 855.315 GC heap after
Heap after GC invocations=30 (full 3):
 PSYoungGen      total 238592K, used 4608K [0x00000000e0000000, 0x00000000f2900000, 0x0000000100000000)
  eden space 211968K, 0% used [0x00000000e0000000,0x00000000e0000000,0x00000000ecf00000)
  from space 26624K, 17% used [0x00000000ecf00000,0x00000000ed380020,0x00000000ee900000)
  to   space 26112K, 0% used [0x00000000f0f80000,0x00000000f0f80000,0x00000000f2900000)
 ParOldGen       total 81408K, used 61852K [0x00000000a0000000, 0x00000000a4f80000, 0x00000000e0000000)
  object space 81408K, 75% used [0x00000000a0000000,0x00000000a3c672f0,0x00000000a4f80000)
 Metaspace       used 93867K, capacity 98446K, committed 98496K, reserved 1134592K
  class space    used 12114K, capacity 12954K, committed 12992K, reserved 1048576K
}
Event: 861.112 GC heap before
{Heap before GC invocations=31 (full 3):
 PSYoungGen      total 238592K, used 20699K [0x00000000e0000000, 0x00000000f2900000, 0x0000000100000000)
  eden space 211968K, 7% used [0x00000000e0000000,0x00000000e0fb6ca8,0x00000000ecf00000)
  from space 26624K, 17% used [0x00000000ecf00000,0x00000000ed380020,0x00000000ee900000)
  to   space 26112K, 0% used [0x00000000f0f80000,0x00000000f0f80000,0x00000000f2900000)
 ParOldGen       total 81408K, used 61852K [0x00000000a0000000, 0x00000000a4f80000, 0x00000000e0000000)
  object space 81408K, 75% used [0x00000000a0000000,0x00000000a3c672f0,0x00000000a4f80000)
 Metaspace       used 93894K, capacity 98450K, committed 98496K, reserved 1134592K
  class space    used 12114K, capacity 12954K, committed 12992K, reserved 1048576K
Event: 861.141 GC heap after
Heap after GC invocations=31 (full 3):
 PSYoungGen      total 269824K, used 672K [0x00000000e0000000, 0x00000000f2500000, 0x0000000100000000)
  eden space 247808K, 0% used [0x00000000e0000000,0x00000000e0000000,0x00000000ef200000)
  from space 22016K, 3% used [0x00000000f0f80000,0x00000000f1028000,0x00000000f2500000)
  to   space 26112K, 0% used [0x00000000ef200000,0x00000000ef200000,0x00000000f0b80000)
 ParOldGen       total 81408K, used 65970K [0x00000000a0000000, 0x00000000a4f80000, 0x00000000e0000000)
  object space 81408K, 81% used [0x00000000a0000000,0x00000000a406cb28,0x00000000a4f80000)
 Metaspace       used 93894K, capacity 98450K, committed 98496K, reserved 1134592K
  class space    used 12114K, capacity 12954K, committed 12992K, reserved 1048576K
}
Event: 861.141 GC heap before
{Heap before GC invocations=32 (full 4):
 PSYoungGen      total 269824K, used 672K [0x00000000e0000000, 0x00000000f2500000, 0x0000000100000000)
  eden space 247808K, 0% used [0x00000000e0000000,0x00000000e0000000,0x00000000ef200000)
  from space 22016K, 3% used [0x00000000f0f80000,0x00000000f1028000,0x00000000f2500000)
  to   space 26112K, 0% used [0x00000000ef200000,0x00000000ef200000,0x00000000f0b80000)
 ParOldGen       total 81408K, used 65970K [0x00000000a0000000, 0x00000000a4f80000, 0x00000000e0000000)
  object space 81408K, 81% used [0x00000000a0000000,0x00000000a406cb28,0x00000000a4f80000)
 Metaspace       used 93894K, capacity 98450K, committed 98496K, reserved 1134592K
  class space    used 12114K, capacity 12954K, committed 12992K, reserved 1048576K
Event: 873.607 GC heap after
Heap after GC invocations=32 (full 4):
 PSYoungGen      total 269824K, used 0K [0x00000000e0000000, 0x00000000f2500000, 0x0000000100000000)
  eden space 247808K, 0% used [0x00000000e0000000,0x00000000e0000000,0x00000000ef200000)
  from space 22016K, 0% used [0x00000000f0f80000,0x00000000f0f80000,0x00000000f2500000)
  to   space 26112K, 0% used [0x00000000ef200000,0x00000000ef200000,0x00000000f0b80000)
 ParOldGen       total 114176K, used 47785K [0x00000000a0000000, 0x00000000a6f80000, 0x00000000e0000000)
  object space 114176K, 41% used [0x00000000a0000000,0x00000000a2eaa458,0x00000000a6f80000)
 Metaspace       used 93690K, capacity 97874K, committed 98496K, reserved 1134592K
  class space    used 12050K, capacity 12846K, committed 12992K, reserved 1048576K
}

